<?xml version="1.0" encoding="UTF-8"?>
<!-- Generated by org.testng.reporters.JUnitXMLReporter -->
<testsuite ignored="0" hostname="kairosHW0443" failures="1" tests="1" name="Test" time="26.24" errors="0" timestamp="2023-05-15T10:39:05 IST">
  <testcase classname="com.Sunshine.TestScripts.TC_001Log_In" name="loginTestCase" time="0.0">
    <failure type="org.testng.TestNGException" message="
Method public void com.Sunshine.TestScripts.TC_001Log_In.loginTestCase() throws java.lang.Throwable requires a @DataProvider named : login">
      <![CDATA[org.testng.TestNGException: 
Method public void com.Sunshine.TestScripts.TC_001Log_In.loginTestCase() throws java.lang.Throwable requires a @DataProvider named : login
at java.base/java.util.ArrayList.forEach(ArrayList.java:1511)
... Removed 24 stack frames]]>
    </failure>
  </testcase> <!-- loginTestCase -->
</testsuite> <!-- Test -->
