<?xml version="1.0" encoding="UTF-8"?>
<testng-results ignored="0" total="1" passed="1" failed="0" skipped="0">
  <reporter-output>
    <line>
      <![CDATA[--Browser chrome launched successfully--]]>
    </line>
    <line>
      <![CDATA[loginTestCase => test script execution started]]>
    </line>
    <line>
      <![CDATA[loginTestCase => is Passed]]>
    </line>
  </reporter-output>
  <suite started-at="2023-05-15T10:24:54 IST" name="Suite" finished-at="2023-05-15T10:25:05 IST" duration-ms="10573">
    <groups>
    </groups>
    <test started-at="2023-05-15T10:24:54 IST" name="Test" finished-at="2023-05-15T10:25:05 IST" duration-ms="10573">
      <class name="com.Sunshine.TestScripts.TC_001Log_In">
        <test-method is-config="true" signature="bcConfig(java.lang.String)[pri:0, instance:com.Sunshine.TestScripts.TC_001Log_In@58bf8650]" started-at="2023-05-15T10:24:54 IST" name="bcConfig" finished-at="2023-05-15T10:25:04 IST" duration-ms="9210" status="PASS">
          <params>
            <param index="0">
              <value>
                <![CDATA[chrome]]>
              </value>
            </param>
          </params>
          <reporter-output>
            <line>
              <![CDATA[--Browser chrome launched successfully--]]>
            </line>
          </reporter-output>
        </test-method> <!-- bcConfig -->
        <test-method signature="loginTestCase()[pri:0, instance:com.Sunshine.TestScripts.TC_001Log_In@58bf8650]" started-at="2023-05-15T10:25:04 IST" name="loginTestCase" finished-at="2023-05-15T10:25:05 IST" duration-ms="1123" status="PASS">
          <reporter-output>
            <line>
              <![CDATA[loginTestCase => test script execution started]]>
            </line>
            <line>
              <![CDATA[loginTestCase => is Passed]]>
            </line>
          </reporter-output>
        </test-method> <!-- loginTestCase -->
      </class> <!-- com.Sunshine.TestScripts.TC_001Log_In -->
    </test> <!-- Test -->
  </suite> <!-- Suite -->
</testng-results>
